2017-08-01 15:29:39,182 [9] INFO  WarningTotalDetail -  泉州九仙山  D17E006603D42F  黄色-橙色-红色  2017-07-31 23:50:01  2017-07-31 23:54:01
2017-08-01 15:29:39,183 [9] INFO  WarningTotalDetail -  福清建新水库  D17E01930844D1  黄色-橙色-红色  2017-07-31 22:33:05  2017-08-01 03:15:21
2017-08-01 15:29:39,183 [9] INFO  WarningTotalDetail -  福清建新水库  D17E01930844D1  黄色-橙色-红色  2017-07-31 19:44:21  2017-07-31 19:49:51
2017-08-01 15:29:39,183 [9] INFO  WarningTotalDetail -  福清建新水库  D17E01930844D1  黄色-橙色-红色  2017-07-31 16:05:33  2017-07-31 16:13:53
2017-08-01 15:29:39,183 [9] INFO  WarningTotalDetail -  平潭气象局  D17E0192082B6D  黄色-橙色-红色  2017-07-31 15:50:02  2017-07-31 16:47:43
2017-08-01 15:29:39,183 [9] INFO  WarningTotalDetail -  鼓岭风景区  D17E0187082380  黄色-橙色-红色  2017-07-31 10:26:27  2017-07-31 11:23:28
2017-08-01 15:29:39,183 [9] INFO  WarningTotalDetail -  长乐产业园区  D17E018708237D  黄色-橙色-红色  2017-07-31 09:51:51  2017-07-31 09:55:52
2017-08-01 15:29:39,183 [9] INFO  WarningTotalDetail -  福清建新水库  D17E01930844D1  黄色-橙色-红色  2017-07-31 09:45:05  2017-07-31 10:04:56
2017-08-01 15:29:39,183 [9] INFO  WarningTotalDetail -  福清建新水库  D17E01930844D1  黄色-橙色-红色  2017-07-31 04:31:09  2017-07-31 05:51:20
2017-08-01 15:29:39,183 [9] INFO  WarningTotalDetail -  福清建新水库  D17E01930844D1  黄色-橙色-红色  2017-07-30 20:24:08  2017-07-31 01:55:25
2017-08-01 15:29:39,183 [9] INFO  WarningTotalDetail -  鼓岭风景区  D17E0187082380  黄色-橙色-红色  2017-07-30 15:26:53  2017-07-30 15:31:43
2017-08-01 15:29:39,183 [9] INFO  WarningTotalDetail -  鼓岭风景区  D17E0187082380  黄色-橙色-红色  2017-07-30 14:13:01  2017-07-30 14:18:31
2017-08-01 15:29:39,183 [9] INFO  WarningTotalDetail -  漳州气象局  D17E017A011181  黄色-橙色-红色  2017-07-30 13:02:34  2017-07-30 13:06:54
2017-08-01 15:29:39,183 [9] INFO  WarningTotalDetail -  永泰气象局  D17E019B08778F  黄色-橙色-红色  2017-07-30 09:12:08  2017-07-30 10:47:39
2017-08-01 15:29:39,183 [9] INFO  WarningTotalDetail -  福清建新水库  D17E01930844D1  黄色-橙色-红色  2017-07-30 02:15:45  2017-07-30 02:39:14
2017-08-01 15:29:39,183 [9] INFO  WarningTotalDetail -  平潭苏澳观测站  D17E01930844FD  黄色-橙色-红色  2017-07-30 01:56:53  2017-07-30 02:01:33
2017-08-01 15:29:39,183 [9] INFO  WarningTotalDetail -  福清建新水库  D17E01930844D1  黄色-橙色-红色  2017-07-29 21:44:58  2017-07-29 22:04:49
2017-08-01 15:29:39,183 [9] INFO  WarningTotalDetail -  福清建新水库  D17E01930844D1  黄色-橙色-红色  2017-07-29 17:28:13  2017-07-29 17:51:53
2017-08-01 15:29:39,183 [9] INFO  WarningTotalDetail -  平潭气象局  D17E0192082B6D  黄色-橙色-红色  2017-07-29 15:25:34  2017-07-29 15:37:34
2017-08-01 15:29:39,183 [9] INFO  WarningTotalDetail -  鼓岭风景区  D17E0187082380  黄色-橙色-红色  2017-07-29 15:16:49  2017-07-29 17:43:12
2017-08-01 15:29:39,183 [9] INFO  WarningTotalDetail -  鼓岭风景区  D17E0187082380  黄色-橙色-红色  2017-07-29 12:47:36  2017-07-29 14:08:18
2017-08-01 15:29:39,183 [9] INFO  WarningTotalDetail -  鼓岭风景区  D17E0187082380  黄色-橙色-红色  2017-07-29 09:46:32  2017-07-29 10:22:11
2017-08-01 15:29:39,183 [9] INFO  WarningTotalDetail -  福清建新水库  D17E01930844D1  黄色-橙色-红色  2017-07-29 03:08:44  2017-07-29 04:00:26
2017-08-01 15:29:39,183 [9] INFO  WarningTotalDetail -  武夷山机场  D17E011905B4AA  黄色-橙色-红色  2017-07-27 21:51:37  2017-07-27 22:07:27
2017-08-01 15:29:39,183 [9] INFO  WarningTotalDetail -  武夷山景区  D17E01930844C2  黄色-橙色-红色  2017-07-27 21:46:16  2017-07-27 21:58:26
2017-08-01 15:29:39,183 [9] INFO  WarningTotalDetail -  鼓岭风景区  D17E0187082380  黄色-橙色-红色  2017-07-27 05:54:35  2017-07-27 05:58:35
2017-08-01 15:29:39,183 [9] INFO  WarningTotalDetail -  泉州九仙山  D17E006603D42F  黄色-橙色-红色  2017-07-26 14:54:50  2017-07-26 16:10:05
2017-08-01 15:29:39,183 [9] INFO  WarningTotalDetail -  福清建新水库  D17E01930844D1  黄色-橙色-红色  2017-07-26 06:07:56  2017-07-26 06:15:36
2017-08-01 15:29:39,183 [9] INFO  WarningTotalDetail -  武夷山景区  D17E01930844C2  黄色-橙色-红色  2017-07-25 20:15:51  2017-07-25 20:21:01
2017-08-01 15:29:39,183 [9] INFO  WarningTotalDetail -  武夷山机场  D17E011905B4AA  黄色-橙色-红色  2017-07-25 20:13:53  2017-07-25 20:23:23
2017-08-01 15:29:39,183 [9] INFO  WarningTotalDetail -  泉州九仙山  D17E006603D42F  黄色-橙色-红色  2017-07-25 15:59:43  2017-07-25 16:12:03
2017-08-01 15:29:39,183 [9] INFO  WarningTotalDetail -  武夷山景区  D17E01930844C2  黄色-橙色-红色  2017-07-25 14:52:29  2017-07-25 14:57:20
2017-08-01 15:29:39,183 [9] INFO  WarningTotalDetail -  武夷山机场  D17E011905B4AA  黄色-橙色-红色  2017-07-25 14:51:13  2017-07-25 14:54:13
2017-08-01 15:29:39,183 [9] INFO  WarningTotalDetail -  泉州九仙山  D17E006603D42F  黄色-橙色-红色  2017-07-25 12:49:44  2017-07-25 13:00:54
2017-08-01 15:29:39,183 [9] INFO  WarningTotalDetail -  福清建新水库  D17E01930844D1  黄色-橙色-红色  2017-07-25 05:58:13  2017-07-25 06:05:23
2017-08-01 15:29:39,183 [9] INFO  WarningTotalDetail -  鼓岭风景区  D17E0187082380  黄色-橙色-红色  2017-07-25 05:51:20  2017-07-25 05:58:30
2017-08-01 15:29:39,183 [9] INFO  WarningTotalDetail -  鼓岭风景区  D17E0187082380  黄色-橙色-红色  2017-07-25 03:12:26  2017-07-25 03:32:27
2017-08-01 15:29:39,183 [9] INFO  WarningTotalDetail -  鼓岭风景区  D17E0187082380  黄色-橙色-红色  2017-07-25 01:12:04  2017-07-25 01:25:34
2017-08-01 15:29:39,183 [9] INFO  WarningTotalDetail -  武夷山机场  D17E011905B4AA  黄色-橙色-红色  2017-07-24 18:13:48  2017-07-24 18:24:09
2017-08-01 15:29:39,183 [9] INFO  WarningTotalDetail -  泉州九仙山  D17E006603D42F  黄色-橙色-红色  2017-07-24 14:15:38  2017-07-24 14:27:39
2017-08-01 15:29:39,183 [9] INFO  WarningTotalDetail -  鼓岭风景区  D17E0187082380  黄色-橙色-红色  2017-07-24 06:15:40  2017-07-24 06:19:40
2017-08-01 15:29:39,183 [9] INFO  WarningTotalDetail -  福清建新水库  D17E01930844D1  黄色-橙色-红色  2017-07-24 06:05:14  2017-07-24 06:09:14
2017-08-01 15:29:39,183 [9] INFO  WarningTotalDetail -  福清建新水库  D17E01930844D1  黄色-橙色-红色  2017-07-24 03:29:44  2017-07-24 03:35:44
2017-08-01 15:29:39,183 [9] INFO  WarningTotalDetail -  鼓岭风景区  D17E0187082380  黄色-橙色-红色  2017-07-23 20:33:02  2017-07-23 21:00:32
2017-08-01 15:29:39,183 [9] INFO  WarningTotalDetail -  鼓岭风景区  D17E0187082380  黄色-橙色-红色  2017-07-23 05:53:43  2017-07-23 06:01:23
2017-08-01 15:29:39,183 [9] INFO  WarningTotalDetail -  鼓岭风景区  D17E0187082380  黄色-橙色-红色  2017-07-21 22:18:59  2017-07-21 23:44:01
2017-08-01 15:29:39,183 [9] INFO  WarningTotalDetail -  泉州九仙山  D17E006603D42F  黄色-橙色-红色  2017-07-21 17:05:34  2017-07-21 17:59:10
2017-08-01 15:29:39,183 [9] INFO  WarningTotalDetail -  闽清气象局  D17E01930844BF  黄色-橙色-红色  2017-07-19 17:13:49  2017-07-19 17:28:39
2017-08-01 15:29:39,183 [9] INFO  WarningTotalDetail -  泉州九仙山  D17E006603D42F  黄色-橙色-红色  2017-07-19 15:02:55  2017-07-19 16:16:20
2017-08-01 15:29:39,183 [9] INFO  WarningTotalDetail -  漳州气象局  D17E017A011181  黄色-橙色-红色  2017-07-19 13:45:42  2017-07-19 14:09:12
2017-08-01 15:29:39,184 [9] INFO  WarningTotalDetail -  鼓岭风景区  D17E0187082380  黄色-橙色-红色  2017-07-19 03:46:53  2017-07-19 06:26:46
2017-08-01 15:29:39,184 [9] INFO  WarningTotalDetail -  漳州气象局  D17E017A011181  黄色-橙色-红色  2017-07-17 14:49:58  2017-07-17 16:17:22
2017-08-01 15:29:39,184 [9] INFO  WarningTotalDetail -  漳州气象局  D17E017A011181  黄色-橙色-红色  2017-07-17 11:56:57  2017-07-17 13:47:04
2017-08-01 15:29:39,184 [9] INFO  WarningTotalDetail -  福清建新水库  D17E01930844D1  黄色-橙色-红色  2017-07-17 05:49:13  2017-07-17 05:53:13
2017-08-01 15:29:39,184 [9] INFO  WarningTotalDetail -  福清建新水库  D17E01930844D1  黄色-橙色-红色  2017-07-17 03:26:59  2017-07-17 04:01:21
2017-08-01 15:29:39,184 [9] INFO  WarningTotalDetail -  鼓岭风景区  D17E0187082380  黄色-橙色-红色  2017-07-17 03:24:59  2017-07-17 05:31:12
2017-08-01 15:29:39,184 [9] INFO  WarningTotalDetail -  福清建新水库  D17E01930844D1  黄色-橙色-红色  2017-07-17 00:07:45  2017-07-17 02:22:18
2017-08-01 15:29:39,184 [9] INFO  WarningTotalDetail -  鼓岭风景区  D17E0187082380  黄色-橙色-红色  2017-07-16 21:05:11  2017-07-16 22:25:33
2017-08-01 15:29:39,184 [9] INFO  WarningTotalDetail -  泉州九仙山  D17E006603D42F  黄色-橙色-红色  2017-07-16 21:03:08  2017-07-16 21:29:19
2017-08-01 15:29:39,184 [9] INFO  WarningTotalDetail -  武夷山景区  D17E01930844C2  黄色-橙色-红色  2017-07-16 19:37:19  2017-07-16 20:49:22
2017-08-01 15:29:39,184 [9] INFO  WarningTotalDetail -  武夷山机场  D17E011905B4AA  黄色-橙色-红色  2017-07-16 19:15:28  2017-07-16 19:37:39
2017-08-01 15:29:39,184 [9] INFO  WarningTotalDetail -  泉州九仙山  D17E006603D42F  黄色-橙色-红色  2017-07-16 18:35:12  2017-07-16 18:43:22
2017-08-01 15:29:39,184 [9] INFO  WarningTotalDetail -  鼓岭风景区  D17E0187082380  黄色-橙色-红色  2017-07-16 05:54:12  2017-07-16 06:12:12
2017-08-01 15:29:39,184 [9] INFO  WarningTotalDetail -  福清建新水库  D17E01930844D1  黄色-橙色-红色  2017-07-16 02:18:46  2017-07-16 05:42:21
2017-08-01 15:29:39,184 [9] INFO  WarningTotalDetail -  鼓岭风景区  D17E0187082380  黄色-橙色-红色  2017-07-16 00:38:05  2017-07-16 01:03:16
2017-08-01 15:29:39,184 [9] INFO  WarningTotalDetail -  福清建新水库  D17E01930844D1  黄色-橙色-红色  2017-07-15 04:54:19  2017-07-15 05:24:10
2017-08-01 15:29:39,184 [9] INFO  WarningTotalDetail -  鼓岭风景区  D17E0187082380  黄色-橙色-红色  2017-07-15 04:16:57  2017-07-15 05:46:59
2017-08-01 15:29:39,184 [9] INFO  WarningTotalDetail -  福清建新水库  D17E01930844D1  黄色-橙色-红色  2017-07-15 01:49:15  2017-07-15 03:29:46
2017-08-01 15:29:39,184 [9] INFO  WarningTotalDetail -  鼓岭风景区  D17E0187082380  黄色-橙色-红色  2017-07-14 21:40:19  2017-07-14 23:42:42
2017-08-01 15:29:39,184 [9] INFO  WarningTotalDetail -  闽清气象局  D17E01930844BF  黄色-橙色-红色  2017-07-14 14:10:09  2017-07-14 14:21:39
2017-08-01 15:29:39,184 [9] INFO  WarningTotalDetail -  福清建新水库  D17E01930844D1  黄色-橙色-红色  2017-07-14 05:37:07  2017-07-14 05:41:07
2017-08-01 15:29:39,184 [9] INFO  WarningTotalDetail -  鼓岭风景区  D17E0187082380  黄色-橙色-红色  2017-07-14 03:23:13  2017-07-14 05:42:55
2017-08-01 15:29:39,184 [9] INFO  WarningTotalDetail -  泉州九仙山  D17E006603D42F  黄色-橙色-红色  2017-07-13 15:55:52  2017-07-13 16:40:45
2017-08-01 15:29:39,184 [9] INFO  WarningTotalDetail -  鼓岭风景区  D17E0187082380  黄色-橙色-红色  2017-07-13 15:34:18  2017-07-13 18:03:20
2017-08-01 15:29:39,184 [9] INFO  WarningTotalDetail -  闽清气象局  D17E01930844BF  黄色-橙色-红色  2017-07-13 15:25:31  2017-07-13 15:51:42
2017-08-01 15:29:39,184 [9] INFO  WarningTotalDetail -  永泰气象局  D17E019B08778F  黄色-橙色-红色  2017-07-13 15:25:20  2017-07-13 15:37:41
2017-08-01 15:29:39,184 [9] INFO  WarningTotalDetail -  武夷山机场  D17E011905B4AA  黄色-橙色-红色  2017-07-13 14:28:15  2017-07-13 14:46:06
2017-08-01 15:29:39,184 [9] INFO  WarningTotalDetail -  泉州九仙山  D17E006603D42F  黄色-橙色-红色  2017-07-13 13:43:33  2017-07-13 13:54:44
2017-08-01 15:29:39,184 [9] INFO  WarningTotalDetail -  罗源气象局  D17E0192082B34  黄色-橙色-红色  2017-07-13 13:10:08  2017-07-13 14:03:34
2017-08-01 15:29:39,184 [9] INFO  WarningTotalDetail -  鼓岭风景区  D17E0187082380  黄色-橙色-红色  2017-07-13 05:33:53  2017-07-13 05:41:54
2017-08-01 15:29:39,184 [9] INFO  WarningTotalDetail -  鼓岭风景区  D17E0187082380  黄色-橙色-红色  2017-07-13 02:29:39  2017-07-13 03:35:01
2017-08-01 15:29:39,184 [9] INFO  WarningTotalDetail -  闽清气象局  D17E01930844BF  黄色-橙色-红色  2017-07-12 16:46:36  2017-07-12 16:51:06
2017-08-01 15:29:39,184 [9] INFO  WarningTotalDetail -  泉州九仙山  D17E006603D42F  黄色-橙色-红色  2017-07-12 16:45:16  2017-07-12 16:57:16
2017-08-01 15:29:39,184 [9] INFO  WarningTotalDetail -  武夷山机场  D17E011905B4AA  黄色-橙色-红色  2017-07-12 16:44:18  2017-07-12 17:01:19
2017-08-01 15:29:39,184 [9] INFO  WarningTotalDetail -  泉州九仙山  D17E006603D42F  黄色-橙色-红色  2017-07-12 13:12:53  2017-07-12 13:22:44
2017-08-01 15:29:39,184 [9] INFO  WarningTotalDetail -  鼓岭风景区  D17E0187082380  黄色-橙色-红色  2017-07-12 04:17:07  2017-07-12 06:23:22
2017-08-01 15:29:39,184 [9] INFO  WarningTotalDetail -  泉州九仙山  D17E006603D42F  黄色-橙色-红色  2017-07-11 16:45:04  2017-07-11 17:52:09
2017-08-01 15:29:39,184 [9] INFO  WarningTotalDetail -  闽清气象局  D17E01930844BF  黄色-橙色-红色  2017-07-11 15:53:16  2017-07-11 16:04:36
2017-08-01 15:29:39,184 [9] INFO  WarningTotalDetail -  泉州九仙山  D17E006603D42F  黄色-橙色-红色  2017-07-11 13:37:02  2017-07-11 14:41:38
2017-08-01 15:29:39,184 [9] INFO  WarningTotalDetail -  鼓岭风景区  D17E0187082380  黄色-橙色-红色  2017-07-11 02:54:21  2017-07-11 05:36:55
2017-08-01 15:29:39,184 [9] INFO  WarningTotalDetail -  泉州九仙山  D17E006603D42F  黄色-橙色-红色  2017-07-10 21:58:07  2017-07-10 22:03:07
2017-08-01 15:29:39,184 [9] INFO  WarningTotalDetail -  鼓岭风景区  D17E0187082380  黄色-橙色-红色  2017-07-10 04:45:21  2017-07-10 04:50:32
2017-08-01 15:29:39,184 [9] INFO  WarningTotalDetail -  泉州九仙山  D17E006603D42F  黄色-橙色-红色  2017-07-10 02:51:58  2017-07-10 02:57:38
2017-08-01 15:29:39,184 [9] INFO  WarningTotalDetail -  鼓岭风景区  D17E0187082380  黄色-橙色-红色  2017-07-10 01:00:26  2017-07-10 01:07:56
2017-08-01 15:29:39,184 [9] INFO  WarningTotalDetail -  鼓岭风景区  D17E0187082380  黄色-橙色-红色  2017-07-09 04:45:37  2017-07-09 05:45:38
2017-08-01 15:29:39,184 [9] INFO  WarningTotalDetail -  鼓岭风景区  D17E0187082380  黄色-橙色-红色  2017-07-09 01:44:52  2017-07-09 02:42:44
2017-08-01 15:29:39,184 [9] INFO  WarningTotalDetail -  鼓岭风景区  D17E0187082380  黄色-橙色-红色  2017-07-08 21:03:12  2017-07-08 21:38:13
2017-08-01 15:29:39,184 [9] INFO  WarningTotalDetail -  武夷山景区  D17E01930844C2  黄色-橙色-红色  2017-07-08 20:55:16  2017-07-08 21:21:56
2017-08-01 15:29:39,184 [9] INFO  WarningTotalDetail -  罗源气象局  D17E0192082B34  黄色-橙色-红色  2017-07-08 19:01:33  2017-07-08 19:38:43
2017-08-01 15:29:39,184 [9] INFO  WarningTotalDetail -  泉州九仙山  D17E006603D42F  黄色-橙色-红色  2017-07-08 18:12:49  2017-07-08 18:16:49
2017-08-01 15:29:39,184 [9] INFO  WarningTotalDetail -  鼓岭风景区  D17E0187082380  黄色-橙色-红色  2017-07-08 17:51:28  2017-07-08 18:00:18
2017-08-01 15:29:39,184 [9] INFO  WarningTotalDetail -  闽清气象局  D17E01930844BF  黄色-橙色-红色  2017-07-08 17:16:50  2017-07-08 17:59:01
2017-08-01 15:29:39,184 [9] INFO  WarningTotalDetail -  泉州九仙山  D17E006603D42F  黄色-橙色-红色  2017-07-08 16:19:04  2017-07-08 16:33:34
2017-08-01 15:29:39,184 [9] INFO  WarningTotalDetail -  漳州气象局  D17E017A011181  黄色-橙色-红色  2017-07-08 12:23:55  2017-07-08 13:25:39
2017-08-01 15:29:39,184 [9] INFO  WarningTotalDetail -  漳州气象局  D17E017A011181  黄色-橙色-红色  2017-07-08 09:16:04  2017-07-08 09:27:34
2017-08-01 15:29:39,184 [9] INFO  WarningTotalDetail -  鼓岭风景区  D17E0187082380  黄色-橙色-红色  2017-07-08 02:54:00  2017-07-08 02:58:30
2017-08-01 15:29:39,184 [9] INFO  WarningTotalDetail -  福清建新水库  D17E01930844D1  黄色-橙色-红色  2017-07-08 01:42:16  2017-07-08 01:54:56
2017-08-01 15:29:39,184 [9] INFO  WarningTotalDetail -  福清建新水库  D17E01930844D1  黄色-橙色-红色  2017-07-08 00:31:14  2017-07-08 00:41:05
2017-08-01 15:29:39,185 [9] INFO  WarningTotalDetail -  晋江机场  D17E0187082344  黄色-橙色-红色  2017-07-07 22:47:45  2017-07-07 23:13:56
2017-08-01 15:29:39,185 [9] INFO  WarningTotalDetail -  武夷山机场  D17E011905B4AA  黄色-橙色-红色  2017-07-07 20:31:32  2017-07-07 20:37:22
2017-08-01 15:29:39,185 [9] INFO  WarningTotalDetail -  武夷山景区  D17E01930844C2  黄色-橙色-红色  2017-07-07 20:31:29  2017-07-07 20:38:19
2017-08-01 15:29:39,185 [9] INFO  WarningTotalDetail -  泉港炼化  D17E019B087798  黄色-橙色-红色  2017-07-07 16:12:27  2017-07-07 16:46:39
2017-08-01 15:29:39,185 [9] INFO  WarningTotalDetail -  泉港化工  D17E006503EFF0  黄色-橙色-红色  2017-07-07 16:12:25  2017-07-07 16:51:14
2017-08-01 15:29:39,185 [9] INFO  WarningTotalDetail -  福州连江长龙镇观测点  D17E0192082B31  黄色-橙色-红色  2017-07-07 14:53:30  2017-07-07 15:08:00
2017-08-01 15:29:39,185 [9] INFO  WarningTotalDetail -  罗源气象局  D17E0192082B34  黄色-橙色-红色  2017-07-07 14:53:28  2017-07-07 15:09:30
2017-08-01 15:29:39,185 [9] INFO  WarningTotalDetail -  闽清气象局  D17E01930844BF  黄色-橙色-红色  2017-07-07 13:47:02  2017-07-07 13:58:34
2017-08-01 15:29:39,185 [9] INFO  WarningTotalDetail -  漳州气象局  D17E017A011181  黄色-橙色-红色  2017-07-07 10:06:29  2017-07-07 11:05:22
2017-08-01 15:29:39,185 [9] INFO  WarningTotalDetail -  鼓岭风景区  D17E0187082380  黄色-橙色-红色  2017-07-07 05:37:55  2017-07-07 06:14:26
2017-08-01 15:29:39,185 [9] INFO  WarningTotalDetail -  福清建新水库  D17E01930844D1  黄色-橙色-红色  2017-07-07 05:17:10  2017-07-07 06:00:41
2017-08-01 15:29:39,185 [9] INFO  WarningTotalDetail -  福清建新水库  D17E01930844D1  黄色-橙色-红色  2017-07-07 03:51:57  2017-07-07 03:55:57
2017-08-01 15:29:39,185 [9] INFO  WarningTotalDetail -  鼓岭风景区  D17E0187082380  黄色-橙色-红色  2017-07-07 00:09:26  2017-07-07 01:20:09
2017-08-01 15:29:39,185 [9] INFO  WarningTotalDetail -  泉州九仙山  D17E006603D42F  黄色-橙色-红色  2017-07-06 20:03:32  2017-07-06 20:07:32
2017-08-01 15:29:39,185 [9] INFO  WarningTotalDetail -  鼓岭风景区  D17E0187082380  黄色-橙色-红色  2017-07-06 16:34:43  2017-07-06 17:15:25
2017-08-01 15:29:39,185 [9] INFO  WarningTotalDetail -  闽清气象局  D17E01930844BF  黄色-橙色-红色  2017-07-06 15:54:12  2017-07-06 16:15:32
2017-08-01 15:29:39,185 [9] INFO  WarningTotalDetail -  鼓岭风景区  D17E0187082380  黄色-橙色-红色  2017-07-05 23:48:59  2017-07-06 05:27:32
2017-08-01 15:29:39,185 [9] INFO  WarningTotalDetail -  鼓岭风景区  D17E0187082380  黄色-橙色-红色  2017-07-05 21:45:55  2017-07-05 21:59:45
2017-08-01 15:29:39,185 [9] INFO  WarningTotalDetail -  鼓岭风景区  D17E0187082380  黄色-橙色-红色  2017-07-05 19:35:52  2017-07-05 20:36:23
2017-08-01 15:29:39,185 [9] INFO  WarningTotalDetail -  鼓岭风景区  D17E0187082380  黄色-橙色-红色  2017-07-05 17:37:30  2017-07-05 17:45:00
2017-08-01 15:29:39,185 [9] INFO  WarningTotalDetail -  罗源气象局  D17E0192082B34  黄色-橙色-红色  2017-07-05 15:18:56  2017-07-05 15:26:12
2017-08-01 15:29:39,185 [9] INFO  WarningTotalDetail -  福州郊区观测站  D17E01930844BC  黄色-橙色-红色  2017-07-05 14:24:35  2017-07-05 14:30:05
2017-08-01 15:29:39,185 [9] INFO  WarningTotalDetail -  福州气象局  D17E0187082346  黄色-橙色-红色  2017-07-05 14:20:21  2017-07-05 14:26:51
2017-08-01 15:29:39,185 [9] INFO  WarningTotalDetail -  福州气象服务中心  D17E01930844FA  黄色-橙色-红色  2017-07-05 14:09:47  2017-07-05 14:21:09
2017-08-01 15:29:39,185 [9] INFO  WarningTotalDetail -  闽清气象局  D17E01930844BF  黄色-橙色-红色  2017-07-05 14:07:55  2017-07-05 14:12:15
2017-08-01 15:29:39,185 [9] INFO  WarningTotalDetail -  鼓岭风景区  D17E0187082380  黄色-橙色-红色  2017-07-05 13:56:55  2017-07-05 14:22:25
2017-08-01 15:29:39,185 [9] INFO  WarningTotalDetail -  泉州九仙山  D17E006603D42F  黄色-橙色-红色  2017-07-05 13:31:02  2017-07-05 14:38:35
2017-08-01 15:29:39,185 [9] INFO  WarningTotalDetail -  永泰气象局  D17E019B08778F  黄色-橙色-红色  2017-07-05 13:09:51  2017-07-05 13:29:22
2017-08-01 15:29:39,185 [9] INFO  WarningTotalDetail -  泉港化工  D17E006503EFF0  黄色-橙色-红色  2017-07-05 12:05:03  2017-07-05 13:33:58
2017-08-01 15:29:39,185 [9] INFO  WarningTotalDetail -  泉港炼化  D17E019B087798  黄色-橙色-红色  2017-07-05 12:05:00  2017-07-05 12:56:21
2017-08-01 15:29:39,185 [9] INFO  WarningTotalDetail -  漳州气象局  D17E017A011181  黄色-橙色-红色  2017-07-05 11:35:55  2017-07-05 12:43:20
2017-08-01 15:29:39,185 [9] INFO  WarningTotalDetail -  晋江机场  D17E0187082344  黄色-橙色-红色  2017-07-05 11:18:58  2017-07-05 13:22:22
2017-08-01 15:29:39,185 [9] INFO  WarningTotalDetail -  鼓岭风景区  D17E0187082380  黄色-橙色-红色  2017-07-05 05:22:55  2017-07-05 05:41:25
2017-08-01 15:29:39,185 [9] INFO  WarningTotalDetail -  厦门上古文化景区  D17E011905B4A6  黄色-橙色-红色  2017-07-05 05:09:09  2017-07-05 05:36:40
2017-08-01 15:29:39,185 [9] INFO  WarningTotalDetail -  鼓岭风景区  D17E0187082380  黄色-橙色-红色  2017-07-05 03:57:34  2017-07-05 04:15:44
2017-08-01 15:29:39,185 [9] INFO  WarningTotalDetail -  鼓岭风景区  D17E0187082380  黄色-橙色-红色  2017-07-04 23:22:14  2017-07-05 02:46:42
2017-08-01 15:29:39,185 [9] INFO  WarningTotalDetail -  武夷山景区  D17E01930844C2  黄色-橙色-红色  2017-07-04 22:15:13  2017-07-04 23:06:55
2017-08-01 15:29:39,185 [9] INFO  WarningTotalDetail -  闽清气象局  D17E01930844BF  黄色-橙色-红色  2017-07-04 19:22:33  2017-07-04 19:37:53
2017-08-01 15:29:39,185 [9] INFO  WarningTotalDetail -  武夷山景区  D17E01930844C2  黄色-橙色-红色  2017-07-04 18:47:09  2017-07-04 19:18:00
2017-08-01 15:29:39,185 [9] INFO  WarningTotalDetail -  武夷山机场  D17E011905B4AA  黄色-橙色-红色  2017-07-04 18:42:20  2017-07-04 18:56:30
2017-08-01 15:29:39,186 [9] INFO  WarningTotalDetail -  泉州九仙山  D17E006603D42F  黄色-橙色-红色  2017-07-04 17:21:05  2017-07-04 18:06:37
2017-08-01 15:29:39,186 [9] INFO  WarningTotalDetail -  漳州气象局  D17E017A011181  黄色-橙色-红色  2017-07-04 14:58:31  2017-07-04 15:13:42
2017-08-01 15:29:39,186 [9] INFO  WarningTotalDetail -  武夷山机场  D17E011905B4AA  黄色-橙色-红色  2017-07-04 14:07:04  2017-07-04 14:27:35
2017-08-01 15:29:39,186 [9] INFO  WarningTotalDetail -  漳州气象局  D17E017A011181  黄色-橙色-红色  2017-07-04 13:12:35  2017-07-04 13:24:05
2017-08-01 15:29:39,186 [9] INFO  WarningTotalDetail -  鼓岭风景区  D17E0187082380  黄色-橙色-红色  2017-07-04 05:45:10  2017-07-04 05:49:10
2017-08-01 15:29:39,186 [9] INFO  WarningTotalDetail -  鼓岭风景区  D17E0187082380  黄色-橙色-红色  2017-07-03 23:22:22  2017-07-04 03:07:07
2017-08-01 15:29:39,186 [9] INFO  WarningTotalDetail -  武夷山景区  D17E01930844C2  黄色-橙色-红色  2017-07-03 19:20:58  2017-07-03 19:43:08
2017-08-01 15:29:39,186 [9] INFO  WarningTotalDetail -  泉州九仙山  D17E006603D42F  黄色-橙色-红色  2017-07-03 17:34:14  2017-07-03 17:57:06
2017-08-01 15:29:39,186 [9] INFO  WarningTotalDetail -  鼓岭风景区  D17E0187082380  黄色-橙色-红色  2017-07-03 16:17:46  2017-07-03 16:21:46
2017-08-01 15:29:39,186 [9] INFO  WarningTotalDetail -  漳州气象局  D17E017A011181  黄色-橙色-红色  2017-07-03 13:43:47  2017-07-03 15:02:51
2017-08-01 15:29:39,186 [9] INFO  WarningTotalDetail -  鼓岭风景区  D17E0187082380  黄色-橙色-红色  2017-07-03 05:30:21  2017-07-03 05:37:41
2017-08-01 15:29:39,186 [9] INFO  WarningTotalDetail -  鼓岭风景区  D17E0187082380  黄色-橙色-红色  2017-07-03 01:13:25  2017-07-03 01:27:16
2017-08-01 15:29:39,186 [9] INFO  WarningTotalDetail -  武夷山机场  D17E011905B4AA  黄色-橙色-红色  2017-07-02 20:08:37  2017-07-02 20:31:18
2017-08-01 15:29:39,186 [9] INFO  WarningTotalDetail -  武夷山景区  D17E01930844C2  黄色-橙色-红色  2017-07-02 19:50:22  2017-07-02 20:14:32
2017-08-01 15:29:39,186 [9] INFO  WarningTotalDetail -  鼓岭风景区  D17E0187082380  黄色-橙色-红色  2017-07-02 05:46:04  2017-07-02 05:52:05
2017-08-01 15:29:39,186 [9] INFO  WarningTotalDetail -  鼓岭风景区  D17E0187082380  黄色-橙色-红色  2017-07-01 22:20:46  2017-07-01 23:01:56
2017-08-01 15:29:39,186 [9] INFO  WarningTotalDetail -  长乐产业园区  D17E018708237D  黄色-橙色-红色  2017-07-01 22:18:44  2017-07-01 22:29:54
2017-08-01 15:29:39,186 [9] INFO  WarningTotalDetail -  平潭苏澳观测站  D17E01930844FD  黄色-橙色-红色  2017-07-01 21:56:14  2017-07-01 22:23:25
2017-08-01 15:29:39,186 [9] INFO  WarningTotalDetail -  鼓岭风景区  D17E0187082380  黄色-橙色-红色  2017-07-01 20:50:03  2017-07-01 20:55:24
2017-08-01 15:29:39,186 [9] INFO  WarningTotalDetail -  福清建新水库  D17E01930844D1  黄色-橙色-红色  2017-07-01 19:48:03  2017-07-01 21:04:45
2017-08-01 15:29:39,186 [9] INFO  WarningTotalDetail -  武夷山机场  D17E011905B4AA  黄色-橙色-红色  2017-07-01 19:05:55  2017-07-01 19:23:34
2017-08-01 15:29:39,186 [9] INFO  WarningTotalDetail -  武夷山景区  D17E01930844C2  黄色-橙色-红色  2017-07-01 18:57:53  2017-07-01 19:19:04
2017-08-01 15:29:39,186 [9] INFO  WarningTotalDetail -  罗源气象局  D17E0192082B34  黄色-橙色-红色  2017-07-01 16:07:35  2017-07-01 16:11:35
2017-08-01 15:29:39,186 [9] INFO  WarningTotalDetail -  厦门上古文化景区  D17E011905B4A6  黄色-橙色-红色  2017-07-01 15:43:17  2017-07-01 15:54:18
2017-08-01 15:29:39,186 [9] INFO  WarningTotalDetail -  福州气象服务中心  D17E01930844FA  黄色-橙色-红色  2017-07-01 14:56:33  2017-07-01 15:31:24
2017-08-01 15:29:39,186 [9] INFO  WarningTotalDetail -  鼓岭风景区  D17E0187082380  黄色-橙色-红色  2017-07-01 14:54:16  2017-07-01 16:15:07
2017-08-01 15:29:39,186 [9] INFO  WarningTotalDetail -  永泰气象局  D17E019B08778F  黄色-橙色-红色  2017-07-01 14:04:56  2017-07-01 14:10:16
2017-08-01 15:29:39,186 [9] INFO  WarningTotalDetail -  漳州气象局  D17E017A011181  黄色-橙色-红色  2017-07-01 12:04:57  2017-07-01 13:06:59
2017-08-01 15:29:39,186 [9] INFO  WarningTotalDetail -  福清建新水库  D17E01930844D1  黄色-橙色-红色  2017-07-01 03:18:01  2017-07-01 04:33:13
2017-08-01 15:29:39,186 [9] INFO  WarningTotalDetail -  鼓岭风景区  D17E0187082380  黄色-橙色-红色  2017-07-01 01:05:26  2017-07-01 05:53:22
2017-08-01 15:29:39,186 [9] INFO  WarningTotalDetail -  福清建新水库  D17E01930844D1  黄色-橙色-红色  2017-07-01 00:38:28  2017-07-01 01:22:49
2017-08-01 15:29:39,186 [9] INFO  WarningTotalDetail -  泉港化工  D17E006503EFF0  黄色-橙色-红色  2017-07-01 00:19:23  2017-07-01 00:29:03
2017-08-01 15:29:39,186 [9] INFO  WarningTotalDetail -  泉港炼化  D17E019B087798  黄色-橙色-红色  2017-07-01 00:15:43  2017-07-01 00:23:53
2017-08-01 16:26:13,513 [9] INFO  WarningTotalDetail -   泉州九仙山  D17E006603D42F  黄色-橙色-红色  2017-07-31 23:50:01  2017-07-31 23:54:01
2017-08-01 16:26:13,513 [9] INFO  WarningTotalDetail -   福清建新水库  D17E01930844D1  黄色-橙色-红色  2017-07-31 22:33:05  2017-08-01 03:15:21
2017-08-01 16:26:13,513 [9] INFO  WarningTotalDetail -   福清建新水库  D17E01930844D1  黄色-橙色-红色  2017-07-31 19:44:21  2017-07-31 19:49:51
2017-08-01 16:26:13,513 [9] INFO  WarningTotalDetail -   福清建新水库  D17E01930844D1  黄色-橙色-红色  2017-07-31 16:05:33  2017-07-31 16:13:53
2017-08-01 16:26:13,513 [9] INFO  WarningTotalDetail -   平潭气象局  D17E0192082B6D  黄色-橙色-红色  2017-07-31 15:50:02  2017-07-31 16:47:43
2017-08-01 16:26:13,513 [9] INFO  WarningTotalDetail -   鼓岭风景区  D17E0187082380  黄色-橙色-红色  2017-07-31 10:26:27  2017-07-31 11:23:28
2017-08-01 16:26:13,513 [9] INFO  WarningTotalDetail -   长乐产业园区  D17E018708237D  黄色-橙色-红色  2017-07-31 09:51:51  2017-07-31 09:55:52
2017-08-01 16:26:13,513 [9] INFO  WarningTotalDetail -   福清建新水库  D17E01930844D1  黄色-橙色-红色  2017-07-31 09:45:05  2017-07-31 10:04:56
2017-08-01 16:26:13,513 [9] INFO  WarningTotalDetail -   福清建新水库  D17E01930844D1  黄色-橙色-红色  2017-07-31 04:31:09  2017-07-31 05:51:20
2017-08-01 16:26:13,513 [9] INFO  WarningTotalDetail -   福清建新水库  D17E01930844D1  黄色-橙色-红色  2017-07-30 20:24:08  2017-07-31 01:55:25
2017-08-01 16:26:13,513 [9] INFO  WarningTotalDetail -   鼓岭风景区  D17E0187082380  黄色-橙色-红色  2017-07-30 15:26:53  2017-07-30 15:31:43
2017-08-01 16:26:13,513 [9] INFO  WarningTotalDetail -   鼓岭风景区  D17E0187082380  黄色-橙色-红色  2017-07-30 14:13:01  2017-07-30 14:18:31
2017-08-01 16:26:13,513 [9] INFO  WarningTotalDetail -   漳州气象局  D17E017A011181  黄色-橙色-红色  2017-07-30 13:02:34  2017-07-30 13:06:54
2017-08-01 16:26:13,513 [9] INFO  WarningTotalDetail -   永泰气象局  D17E019B08778F  黄色-橙色-红色  2017-07-30 09:12:08  2017-07-30 10:47:39
2017-08-01 16:26:13,513 [9] INFO  WarningTotalDetail -   福清建新水库  D17E01930844D1  黄色-橙色-红色  2017-07-30 02:15:45  2017-07-30 02:39:14
2017-08-01 16:26:13,513 [9] INFO  WarningTotalDetail -   平潭苏澳观测站  D17E01930844FD  黄色-橙色-红色  2017-07-30 01:56:53  2017-07-30 02:01:33
2017-08-01 16:26:13,513 [9] INFO  WarningTotalDetail -   福清建新水库  D17E01930844D1  黄色-橙色-红色  2017-07-29 21:44:58  2017-07-29 22:04:49
2017-08-01 16:26:13,513 [9] INFO  WarningTotalDetail -   福清建新水库  D17E01930844D1  黄色-橙色-红色  2017-07-29 17:28:13  2017-07-29 17:51:53
2017-08-01 16:26:13,513 [9] INFO  WarningTotalDetail -   平潭气象局  D17E0192082B6D  黄色-橙色-红色  2017-07-29 15:25:34  2017-07-29 15:37:34
2017-08-01 16:26:13,513 [9] INFO  WarningTotalDetail -   鼓岭风景区  D17E0187082380  黄色-橙色-红色  2017-07-29 15:16:49  2017-07-29 17:43:12
2017-08-01 16:26:13,513 [9] INFO  WarningTotalDetail -   鼓岭风景区  D17E0187082380  黄色-橙色-红色  2017-07-29 12:47:36  2017-07-29 14:08:18
2017-08-01 16:26:13,513 [9] INFO  WarningTotalDetail -   鼓岭风景区  D17E0187082380  黄色-橙色-红色  2017-07-29 09:46:32  2017-07-29 10:22:11
2017-08-01 16:26:13,513 [9] INFO  WarningTotalDetail -   福清建新水库  D17E01930844D1  黄色-橙色-红色  2017-07-29 03:08:44  2017-07-29 04:00:26
2017-08-01 16:26:13,513 [9] INFO  WarningTotalDetail -   武夷山机场  D17E011905B4AA  黄色-橙色-红色  2017-07-27 21:51:37  2017-07-27 22:07:27
2017-08-01 16:26:13,513 [9] INFO  WarningTotalDetail -   武夷山景区  D17E01930844C2  黄色-橙色-红色  2017-07-27 21:46:16  2017-07-27 21:58:26
2017-08-01 16:26:13,513 [9] INFO  WarningTotalDetail -   鼓岭风景区  D17E0187082380  黄色-橙色-红色  2017-07-27 05:54:35  2017-07-27 05:58:35
2017-08-01 16:26:13,513 [9] INFO  WarningTotalDetail -   泉州九仙山  D17E006603D42F  黄色-橙色-红色  2017-07-26 14:54:50  2017-07-26 16:10:05
2017-08-01 16:26:13,513 [9] INFO  WarningTotalDetail -   福清建新水库  D17E01930844D1  黄色-橙色-红色  2017-07-26 06:07:56  2017-07-26 06:15:36
2017-08-01 16:26:13,513 [9] INFO  WarningTotalDetail -   武夷山景区  D17E01930844C2  黄色-橙色-红色  2017-07-25 20:15:51  2017-07-25 20:21:01
2017-08-01 16:26:13,513 [9] INFO  WarningTotalDetail -   武夷山机场  D17E011905B4AA  黄色-橙色-红色  2017-07-25 20:13:53  2017-07-25 20:23:23
2017-08-01 16:26:13,513 [9] INFO  WarningTotalDetail -   泉州九仙山  D17E006603D42F  黄色-橙色-红色  2017-07-25 15:59:43  2017-07-25 16:12:03
2017-08-01 16:26:13,513 [9] INFO  WarningTotalDetail -   武夷山景区  D17E01930844C2  黄色-橙色-红色  2017-07-25 14:52:29  2017-07-25 14:57:20
2017-08-01 16:26:13,513 [9] INFO  WarningTotalDetail -   武夷山机场  D17E011905B4AA  黄色-橙色-红色  2017-07-25 14:51:13  2017-07-25 14:54:13
2017-08-01 16:26:13,513 [9] INFO  WarningTotalDetail -   泉州九仙山  D17E006603D42F  黄色-橙色-红色  2017-07-25 12:49:44  2017-07-25 13:00:54
2017-08-01 16:26:13,513 [9] INFO  WarningTotalDetail -   福清建新水库  D17E01930844D1  黄色-橙色-红色  2017-07-25 05:58:13  2017-07-25 06:05:23
2017-08-01 16:26:13,513 [9] INFO  WarningTotalDetail -   鼓岭风景区  D17E0187082380  黄色-橙色-红色  2017-07-25 05:51:20  2017-07-25 05:58:30
2017-08-01 16:26:13,513 [9] INFO  WarningTotalDetail -   鼓岭风景区  D17E0187082380  黄色-橙色-红色  2017-07-25 03:12:26  2017-07-25 03:32:27
2017-08-01 16:26:13,513 [9] INFO  WarningTotalDetail -   鼓岭风景区  D17E0187082380  黄色-橙色-红色  2017-07-25 01:12:04  2017-07-25 01:25:34
2017-08-01 16:26:13,513 [9] INFO  WarningTotalDetail -   武夷山机场  D17E011905B4AA  黄色-橙色-红色  2017-07-24 18:13:48  2017-07-24 18:24:09
2017-08-01 16:26:13,513 [9] INFO  WarningTotalDetail -   泉州九仙山  D17E006603D42F  黄色-橙色-红色  2017-07-24 14:15:38  2017-07-24 14:27:39
2017-08-01 16:26:13,513 [9] INFO  WarningTotalDetail -   鼓岭风景区  D17E0187082380  黄色-橙色-红色  2017-07-24 06:15:40  2017-07-24 06:19:40
2017-08-01 16:26:13,513 [9] INFO  WarningTotalDetail -   福清建新水库  D17E01930844D1  黄色-橙色-红色  2017-07-24 06:05:14  2017-07-24 06:09:14
2017-08-01 16:26:13,514 [9] INFO  WarningTotalDetail -   福清建新水库  D17E01930844D1  黄色-橙色-红色  2017-07-24 03:29:44  2017-07-24 03:35:44
2017-08-01 16:26:13,514 [9] INFO  WarningTotalDetail -   鼓岭风景区  D17E0187082380  黄色-橙色-红色  2017-07-23 20:33:02  2017-07-23 21:00:32
2017-08-01 16:26:13,514 [9] INFO  WarningTotalDetail -   鼓岭风景区  D17E0187082380  黄色-橙色-红色  2017-07-23 05:53:43  2017-07-23 06:01:23
2017-08-01 16:26:13,514 [9] INFO  WarningTotalDetail -   鼓岭风景区  D17E0187082380  黄色-橙色-红色  2017-07-21 22:18:59  2017-07-21 23:44:01
2017-08-01 16:26:13,514 [9] INFO  WarningTotalDetail -   泉州九仙山  D17E006603D42F  黄色-橙色-红色  2017-07-21 17:05:34  2017-07-21 17:59:10
2017-08-01 16:26:13,514 [9] INFO  WarningTotalDetail -   闽清气象局  D17E01930844BF  黄色-橙色-红色  2017-07-19 17:13:49  2017-07-19 17:28:39
2017-08-01 16:26:13,514 [9] INFO  WarningTotalDetail -   泉州九仙山  D17E006603D42F  黄色-橙色-红色  2017-07-19 15:02:55  2017-07-19 16:16:20
2017-08-01 16:26:13,514 [9] INFO  WarningTotalDetail -   漳州气象局  D17E017A011181  黄色-橙色-红色  2017-07-19 13:45:42  2017-07-19 14:09:12
2017-08-01 16:26:13,514 [9] INFO  WarningTotalDetail -   鼓岭风景区  D17E0187082380  黄色-橙色-红色  2017-07-19 03:46:53  2017-07-19 06:26:46
2017-08-01 16:26:13,514 [9] INFO  WarningTotalDetail -   漳州气象局  D17E017A011181  黄色-橙色-红色  2017-07-17 14:49:58  2017-07-17 16:17:22
2017-08-01 16:26:13,514 [9] INFO  WarningTotalDetail -   漳州气象局  D17E017A011181  黄色-橙色-红色  2017-07-17 11:56:57  2017-07-17 13:47:04
2017-08-01 16:26:13,514 [9] INFO  WarningTotalDetail -   福清建新水库  D17E01930844D1  黄色-橙色-红色  2017-07-17 05:49:13  2017-07-17 05:53:13
2017-08-01 16:26:13,514 [9] INFO  WarningTotalDetail -   福清建新水库  D17E01930844D1  黄色-橙色-红色  2017-07-17 03:26:59  2017-07-17 04:01:21
2017-08-01 16:26:13,514 [9] INFO  WarningTotalDetail -   鼓岭风景区  D17E0187082380  黄色-橙色-红色  2017-07-17 03:24:59  2017-07-17 05:31:12
2017-08-01 16:26:13,514 [9] INFO  WarningTotalDetail -   福清建新水库  D17E01930844D1  黄色-橙色-红色  2017-07-17 00:07:45  2017-07-17 02:22:18
2017-08-01 16:26:13,514 [9] INFO  WarningTotalDetail -   鼓岭风景区  D17E0187082380  黄色-橙色-红色  2017-07-16 21:05:11  2017-07-16 22:25:33
2017-08-01 16:26:13,514 [9] INFO  WarningTotalDetail -   泉州九仙山  D17E006603D42F  黄色-橙色-红色  2017-07-16 21:03:08  2017-07-16 21:29:19
2017-08-01 16:26:13,514 [9] INFO  WarningTotalDetail -   武夷山景区  D17E01930844C2  黄色-橙色-红色  2017-07-16 19:37:19  2017-07-16 20:49:22
2017-08-01 16:26:13,514 [9] INFO  WarningTotalDetail -   武夷山机场  D17E011905B4AA  黄色-橙色-红色  2017-07-16 19:15:28  2017-07-16 19:37:39
2017-08-01 16:26:13,514 [9] INFO  WarningTotalDetail -   泉州九仙山  D17E006603D42F  黄色-橙色-红色  2017-07-16 18:35:12  2017-07-16 18:43:22
2017-08-01 16:26:13,514 [9] INFO  WarningTotalDetail -   鼓岭风景区  D17E0187082380  黄色-橙色-红色  2017-07-16 05:54:12  2017-07-16 06:12:12
2017-08-01 16:26:13,514 [9] INFO  WarningTotalDetail -   福清建新水库  D17E01930844D1  黄色-橙色-红色  2017-07-16 02:18:46  2017-07-16 05:42:21
2017-08-01 16:26:13,514 [9] INFO  WarningTotalDetail -   鼓岭风景区  D17E0187082380  黄色-橙色-红色  2017-07-16 00:38:05  2017-07-16 01:03:16
2017-08-01 16:26:13,514 [9] INFO  WarningTotalDetail -   福清建新水库  D17E01930844D1  黄色-橙色-红色  2017-07-15 04:54:19  2017-07-15 05:24:10
2017-08-01 16:26:13,514 [9] INFO  WarningTotalDetail -   鼓岭风景区  D17E0187082380  黄色-橙色-红色  2017-07-15 04:16:57  2017-07-15 05:46:59
2017-08-01 16:26:13,514 [9] INFO  WarningTotalDetail -   福清建新水库  D17E01930844D1  黄色-橙色-红色  2017-07-15 01:49:15  2017-07-15 03:29:46
2017-08-01 16:26:13,514 [9] INFO  WarningTotalDetail -   鼓岭风景区  D17E0187082380  黄色-橙色-红色  2017-07-14 21:40:19  2017-07-14 23:42:42
2017-08-01 16:26:13,514 [9] INFO  WarningTotalDetail -   闽清气象局  D17E01930844BF  黄色-橙色-红色  2017-07-14 14:10:09  2017-07-14 14:21:39
2017-08-01 16:26:13,514 [9] INFO  WarningTotalDetail -   福清建新水库  D17E01930844D1  黄色-橙色-红色  2017-07-14 05:37:07  2017-07-14 05:41:07
2017-08-01 16:26:13,514 [9] INFO  WarningTotalDetail -   鼓岭风景区  D17E0187082380  黄色-橙色-红色  2017-07-14 03:23:13  2017-07-14 05:42:55
2017-08-01 16:26:13,514 [9] INFO  WarningTotalDetail -   泉州九仙山  D17E006603D42F  黄色-橙色-红色  2017-07-13 15:55:52  2017-07-13 16:40:45
2017-08-01 16:26:13,514 [9] INFO  WarningTotalDetail -   鼓岭风景区  D17E0187082380  黄色-橙色-红色  2017-07-13 15:34:18  2017-07-13 18:03:20
2017-08-01 16:26:13,514 [9] INFO  WarningTotalDetail -   闽清气象局  D17E01930844BF  黄色-橙色-红色  2017-07-13 15:25:31  2017-07-13 15:51:42
2017-08-01 16:26:13,514 [9] INFO  WarningTotalDetail -   永泰气象局  D17E019B08778F  黄色-橙色-红色  2017-07-13 15:25:20  2017-07-13 15:37:41
2017-08-01 16:26:13,514 [9] INFO  WarningTotalDetail -   武夷山机场  D17E011905B4AA  黄色-橙色-红色  2017-07-13 14:28:15  2017-07-13 14:46:06
2017-08-01 16:26:13,514 [9] INFO  WarningTotalDetail -   泉州九仙山  D17E006603D42F  黄色-橙色-红色  2017-07-13 13:43:33  2017-07-13 13:54:44
2017-08-01 16:26:13,514 [9] INFO  WarningTotalDetail -   罗源气象局  D17E0192082B34  黄色-橙色-红色  2017-07-13 13:10:08  2017-07-13 14:03:34
2017-08-01 16:26:13,514 [9] INFO  WarningTotalDetail -   鼓岭风景区  D17E0187082380  黄色-橙色-红色  2017-07-13 05:33:53  2017-07-13 05:41:54
2017-08-01 16:26:13,514 [9] INFO  WarningTotalDetail -   鼓岭风景区  D17E0187082380  黄色-橙色-红色  2017-07-13 02:29:39  2017-07-13 03:35:01
2017-08-01 16:26:13,514 [9] INFO  WarningTotalDetail -   闽清气象局  D17E01930844BF  黄色-橙色-红色  2017-07-12 16:46:36  2017-07-12 16:51:06
2017-08-01 16:26:13,514 [9] INFO  WarningTotalDetail -   泉州九仙山  D17E006603D42F  黄色-橙色-红色  2017-07-12 16:45:16  2017-07-12 16:57:16
2017-08-01 16:26:13,514 [9] INFO  WarningTotalDetail -   武夷山机场  D17E011905B4AA  黄色-橙色-红色  2017-07-12 16:44:18  2017-07-12 17:01:19
2017-08-01 16:26:13,514 [9] INFO  WarningTotalDetail -   泉州九仙山  D17E006603D42F  黄色-橙色-红色  2017-07-12 13:12:53  2017-07-12 13:22:44
2017-08-01 16:26:13,514 [9] INFO  WarningTotalDetail -   鼓岭风景区  D17E0187082380  黄色-橙色-红色  2017-07-12 04:17:07  2017-07-12 06:23:22
2017-08-01 16:26:13,514 [9] INFO  WarningTotalDetail -   泉州九仙山  D17E006603D42F  黄色-橙色-红色  2017-07-11 16:45:04  2017-07-11 17:52:09
2017-08-01 16:26:13,514 [9] INFO  WarningTotalDetail -   闽清气象局  D17E01930844BF  黄色-橙色-红色  2017-07-11 15:53:16  2017-07-11 16:04:36
2017-08-01 16:26:13,514 [9] INFO  WarningTotalDetail -   泉州九仙山  D17E006603D42F  黄色-橙色-红色  2017-07-11 13:37:02  2017-07-11 14:41:38
2017-08-01 16:26:13,514 [9] INFO  WarningTotalDetail -   鼓岭风景区  D17E0187082380  黄色-橙色-红色  2017-07-11 02:54:21  2017-07-11 05:36:55
2017-08-01 16:26:13,514 [9] INFO  WarningTotalDetail -   泉州九仙山  D17E006603D42F  黄色-橙色-红色  2017-07-10 21:58:07  2017-07-10 22:03:07
2017-08-01 16:26:13,514 [9] INFO  WarningTotalDetail -   鼓岭风景区  D17E0187082380  黄色-橙色-红色  2017-07-10 04:45:21  2017-07-10 04:50:32
2017-08-01 16:26:13,514 [9] INFO  WarningTotalDetail -   泉州九仙山  D17E006603D42F  黄色-橙色-红色  2017-07-10 02:51:58  2017-07-10 02:57:38
2017-08-01 16:26:13,514 [9] INFO  WarningTotalDetail -   鼓岭风景区  D17E0187082380  黄色-橙色-红色  2017-07-10 01:00:26  2017-07-10 01:07:56
2017-08-01 16:26:13,515 [9] INFO  WarningTotalDetail -   鼓岭风景区  D17E0187082380  黄色-橙色-红色  2017-07-09 04:45:37  2017-07-09 05:45:38
2017-08-01 16:26:13,515 [9] INFO  WarningTotalDetail -   鼓岭风景区  D17E0187082380  黄色-橙色-红色  2017-07-09 01:44:52  2017-07-09 02:42:44
2017-08-01 16:26:13,515 [9] INFO  WarningTotalDetail -   鼓岭风景区  D17E0187082380  黄色-橙色-红色  2017-07-08 21:03:12  2017-07-08 21:38:13
2017-08-01 16:26:13,515 [9] INFO  WarningTotalDetail -   武夷山景区  D17E01930844C2  黄色-橙色-红色  2017-07-08 20:55:16  2017-07-08 21:21:56
2017-08-01 16:26:13,515 [9] INFO  WarningTotalDetail -   罗源气象局  D17E0192082B34  黄色-橙色-红色  2017-07-08 19:01:33  2017-07-08 19:38:43
2017-08-01 16:26:13,515 [9] INFO  WarningTotalDetail -   泉州九仙山  D17E006603D42F  黄色-橙色-红色  2017-07-08 18:12:49  2017-07-08 18:16:49
2017-08-01 16:26:13,515 [9] INFO  WarningTotalDetail -   鼓岭风景区  D17E0187082380  黄色-橙色-红色  2017-07-08 17:51:28  2017-07-08 18:00:18
2017-08-01 16:26:13,515 [9] INFO  WarningTotalDetail -   闽清气象局  D17E01930844BF  黄色-橙色-红色  2017-07-08 17:16:50  2017-07-08 17:59:01
2017-08-01 16:26:13,515 [9] INFO  WarningTotalDetail -   泉州九仙山  D17E006603D42F  黄色-橙色-红色  2017-07-08 16:19:04  2017-07-08 16:33:34
2017-08-01 16:26:13,515 [9] INFO  WarningTotalDetail -   漳州气象局  D17E017A011181  黄色-橙色-红色  2017-07-08 12:23:55  2017-07-08 13:25:39
2017-08-01 16:26:13,515 [9] INFO  WarningTotalDetail -   漳州气象局  D17E017A011181  黄色-橙色-红色  2017-07-08 09:16:04  2017-07-08 09:27:34
2017-08-01 16:26:13,515 [9] INFO  WarningTotalDetail -   鼓岭风景区  D17E0187082380  黄色-橙色-红色  2017-07-08 02:54:00  2017-07-08 02:58:30
2017-08-01 16:26:13,515 [9] INFO  WarningTotalDetail -   福清建新水库  D17E01930844D1  黄色-橙色-红色  2017-07-08 01:42:16  2017-07-08 01:54:56
2017-08-01 16:26:13,515 [9] INFO  WarningTotalDetail -   福清建新水库  D17E01930844D1  黄色-橙色-红色  2017-07-08 00:31:14  2017-07-08 00:41:05
2017-08-01 16:26:13,515 [9] INFO  WarningTotalDetail -   晋江机场  D17E0187082344  黄色-橙色-红色  2017-07-07 22:47:45  2017-07-07 23:13:56
2017-08-01 16:26:13,515 [9] INFO  WarningTotalDetail -   武夷山机场  D17E011905B4AA  黄色-橙色-红色  2017-07-07 20:31:32  2017-07-07 20:37:22
2017-08-01 16:26:13,515 [9] INFO  WarningTotalDetail -   武夷山景区  D17E01930844C2  黄色-橙色-红色  2017-07-07 20:31:29  2017-07-07 20:38:19
2017-08-01 16:26:13,515 [9] INFO  WarningTotalDetail -   泉港炼化  D17E019B087798  黄色-橙色-红色  2017-07-07 16:12:27  2017-07-07 16:46:39
2017-08-01 16:26:13,515 [9] INFO  WarningTotalDetail -   泉港化工  D17E006503EFF0  黄色-橙色-红色  2017-07-07 16:12:25  2017-07-07 16:51:14
2017-08-01 16:26:13,515 [9] INFO  WarningTotalDetail -   福州连江长龙镇观测点  D17E0192082B31  黄色-橙色-红色  2017-07-07 14:53:30  2017-07-07 15:08:00
2017-08-01 16:26:13,515 [9] INFO  WarningTotalDetail -   罗源气象局  D17E0192082B34  黄色-橙色-红色  2017-07-07 14:53:28  2017-07-07 15:09:30
2017-08-01 16:26:13,515 [9] INFO  WarningTotalDetail -   闽清气象局  D17E01930844BF  黄色-橙色-红色  2017-07-07 13:47:02  2017-07-07 13:58:34
2017-08-01 16:26:13,515 [9] INFO  WarningTotalDetail -   漳州气象局  D17E017A011181  黄色-橙色-红色  2017-07-07 10:06:29  2017-07-07 11:05:22
2017-08-01 16:26:13,515 [9] INFO  WarningTotalDetail -   鼓岭风景区  D17E0187082380  黄色-橙色-红色  2017-07-07 05:37:55  2017-07-07 06:14:26
2017-08-01 16:26:13,515 [9] INFO  WarningTotalDetail -   福清建新水库  D17E01930844D1  黄色-橙色-红色  2017-07-07 05:17:10  2017-07-07 06:00:41
2017-08-01 16:26:13,515 [9] INFO  WarningTotalDetail -   福清建新水库  D17E01930844D1  黄色-橙色-红色  2017-07-07 03:51:57  2017-07-07 03:55:57
2017-08-01 16:26:13,515 [9] INFO  WarningTotalDetail -   鼓岭风景区  D17E0187082380  黄色-橙色-红色  2017-07-07 00:09:26  2017-07-07 01:20:09
2017-08-01 16:26:13,515 [9] INFO  WarningTotalDetail -   泉州九仙山  D17E006603D42F  黄色-橙色-红色  2017-07-06 20:03:32  2017-07-06 20:07:32
2017-08-01 16:26:13,515 [9] INFO  WarningTotalDetail -   鼓岭风景区  D17E0187082380  黄色-橙色-红色  2017-07-06 16:34:43  2017-07-06 17:15:25
2017-08-01 16:26:13,515 [9] INFO  WarningTotalDetail -   闽清气象局  D17E01930844BF  黄色-橙色-红色  2017-07-06 15:54:12  2017-07-06 16:15:32
2017-08-01 16:26:13,515 [9] INFO  WarningTotalDetail -   鼓岭风景区  D17E0187082380  黄色-橙色-红色  2017-07-05 23:48:59  2017-07-06 05:27:32
2017-08-01 16:26:13,515 [9] INFO  WarningTotalDetail -   鼓岭风景区  D17E0187082380  黄色-橙色-红色  2017-07-05 21:45:55  2017-07-05 21:59:45
2017-08-01 16:26:13,515 [9] INFO  WarningTotalDetail -   鼓岭风景区  D17E0187082380  黄色-橙色-红色  2017-07-05 19:35:52  2017-07-05 20:36:23
2017-08-01 16:26:13,516 [9] INFO  WarningTotalDetail -   鼓岭风景区  D17E0187082380  黄色-橙色-红色  2017-07-05 17:37:30  2017-07-05 17:45:00
2017-08-01 16:26:13,516 [9] INFO  WarningTotalDetail -   罗源气象局  D17E0192082B34  黄色-橙色-红色  2017-07-05 15:18:56  2017-07-05 15:26:12
2017-08-01 16:26:13,516 [9] INFO  WarningTotalDetail -   福州郊区观测站  D17E01930844BC  黄色-橙色-红色  2017-07-05 14:24:35  2017-07-05 14:30:05
2017-08-01 16:26:13,516 [9] INFO  WarningTotalDetail -   福州气象局  D17E0187082346  黄色-橙色-红色  2017-07-05 14:20:21  2017-07-05 14:26:51
2017-08-01 16:26:13,516 [9] INFO  WarningTotalDetail -   福州气象服务中心  D17E01930844FA  黄色-橙色-红色  2017-07-05 14:09:47  2017-07-05 14:21:09
2017-08-01 16:26:13,516 [9] INFO  WarningTotalDetail -   闽清气象局  D17E01930844BF  黄色-橙色-红色  2017-07-05 14:07:55  2017-07-05 14:12:15
2017-08-01 16:26:13,516 [9] INFO  WarningTotalDetail -   鼓岭风景区  D17E0187082380  黄色-橙色-红色  2017-07-05 13:56:55  2017-07-05 14:22:25
2017-08-01 16:26:13,516 [9] INFO  WarningTotalDetail -   泉州九仙山  D17E006603D42F  黄色-橙色-红色  2017-07-05 13:31:02  2017-07-05 14:38:35
2017-08-01 16:26:13,516 [9] INFO  WarningTotalDetail -   永泰气象局  D17E019B08778F  黄色-橙色-红色  2017-07-05 13:09:51  2017-07-05 13:29:22
2017-08-01 16:26:13,516 [9] INFO  WarningTotalDetail -   泉港化工  D17E006503EFF0  黄色-橙色-红色  2017-07-05 12:05:03  2017-07-05 13:33:58
2017-08-01 16:26:13,516 [9] INFO  WarningTotalDetail -   泉港炼化  D17E019B087798  黄色-橙色-红色  2017-07-05 12:05:00  2017-07-05 12:56:21
2017-08-01 16:26:13,516 [9] INFO  WarningTotalDetail -   漳州气象局  D17E017A011181  黄色-橙色-红色  2017-07-05 11:35:55  2017-07-05 12:43:20
2017-08-01 16:26:13,516 [9] INFO  WarningTotalDetail -   晋江机场  D17E0187082344  黄色-橙色-红色  2017-07-05 11:18:58  2017-07-05 13:22:22
2017-08-01 16:26:13,516 [9] INFO  WarningTotalDetail -   鼓岭风景区  D17E0187082380  黄色-橙色-红色  2017-07-05 05:22:55  2017-07-05 05:41:25
2017-08-01 16:26:13,516 [9] INFO  WarningTotalDetail -   厦门上古文化景区  D17E011905B4A6  黄色-橙色-红色  2017-07-05 05:09:09  2017-07-05 05:36:40
2017-08-01 16:26:13,516 [9] INFO  WarningTotalDetail -   鼓岭风景区  D17E0187082380  黄色-橙色-红色  2017-07-05 03:57:34  2017-07-05 04:15:44
2017-08-01 16:26:13,516 [9] INFO  WarningTotalDetail -   鼓岭风景区  D17E0187082380  黄色-橙色-红色  2017-07-04 23:22:14  2017-07-05 02:46:42
2017-08-01 16:26:13,516 [9] INFO  WarningTotalDetail -   武夷山景区  D17E01930844C2  黄色-橙色-红色  2017-07-04 22:15:13  2017-07-04 23:06:55
2017-08-01 16:26:13,516 [9] INFO  WarningTotalDetail -   闽清气象局  D17E01930844BF  黄色-橙色-红色  2017-07-04 19:22:33  2017-07-04 19:37:53
2017-08-01 16:26:13,516 [9] INFO  WarningTotalDetail -   武夷山景区  D17E01930844C2  黄色-橙色-红色  2017-07-04 18:47:09  2017-07-04 19:18:00
2017-08-01 16:26:13,516 [9] INFO  WarningTotalDetail -   武夷山机场  D17E011905B4AA  黄色-橙色-红色  2017-07-04 18:42:20  2017-07-04 18:56:30
2017-08-01 16:26:13,516 [9] INFO  WarningTotalDetail -   泉州九仙山  D17E006603D42F  黄色-橙色-红色  2017-07-04 17:21:05  2017-07-04 18:06:37
2017-08-01 16:26:13,516 [9] INFO  WarningTotalDetail -   漳州气象局  D17E017A011181  黄色-橙色-红色  2017-07-04 14:58:31  2017-07-04 15:13:42
2017-08-01 16:26:13,516 [9] INFO  WarningTotalDetail -   武夷山机场  D17E011905B4AA  黄色-橙色-红色  2017-07-04 14:07:04  2017-07-04 14:27:35
2017-08-01 16:26:13,516 [9] INFO  WarningTotalDetail -   漳州气象局  D17E017A011181  黄色-橙色-红色  2017-07-04 13:12:35  2017-07-04 13:24:05
2017-08-01 16:26:13,516 [9] INFO  WarningTotalDetail -   鼓岭风景区  D17E0187082380  黄色-橙色-红色  2017-07-04 05:45:10  2017-07-04 05:49:10
2017-08-01 16:26:13,516 [9] INFO  WarningTotalDetail -   鼓岭风景区  D17E0187082380  黄色-橙色-红色  2017-07-03 23:22:22  2017-07-04 03:07:07
2017-08-01 16:26:13,516 [9] INFO  WarningTotalDetail -   武夷山景区  D17E01930844C2  黄色-橙色-红色  2017-07-03 19:20:58  2017-07-03 19:43:08
2017-08-01 16:26:13,516 [9] INFO  WarningTotalDetail -   泉州九仙山  D17E006603D42F  黄色-橙色-红色  2017-07-03 17:34:14  2017-07-03 17:57:06
2017-08-01 16:26:13,516 [9] INFO  WarningTotalDetail -   鼓岭风景区  D17E0187082380  黄色-橙色-红色  2017-07-03 16:17:46  2017-07-03 16:21:46
2017-08-01 16:26:13,516 [9] INFO  WarningTotalDetail -   漳州气象局  D17E017A011181  黄色-橙色-红色  2017-07-03 13:43:47  2017-07-03 15:02:51
2017-08-01 16:26:13,516 [9] INFO  WarningTotalDetail -   鼓岭风景区  D17E0187082380  黄色-橙色-红色  2017-07-03 05:30:21  2017-07-03 05:37:41
2017-08-01 16:26:13,516 [9] INFO  WarningTotalDetail -   鼓岭风景区  D17E0187082380  黄色-橙色-红色  2017-07-03 01:13:25  2017-07-03 01:27:16
2017-08-01 16:26:13,516 [9] INFO  WarningTotalDetail -   武夷山机场  D17E011905B4AA  黄色-橙色-红色  2017-07-02 20:08:37  2017-07-02 20:31:18
2017-08-01 16:26:13,516 [9] INFO  WarningTotalDetail -   武夷山景区  D17E01930844C2  黄色-橙色-红色  2017-07-02 19:50:22  2017-07-02 20:14:32
2017-08-01 16:26:13,516 [9] INFO  WarningTotalDetail -   鼓岭风景区  D17E0187082380  黄色-橙色-红色  2017-07-02 05:46:04  2017-07-02 05:52:05
2017-08-01 16:26:13,516 [9] INFO  WarningTotalDetail -   鼓岭风景区  D17E0187082380  黄色-橙色-红色  2017-07-01 22:20:46  2017-07-01 23:01:56
2017-08-01 16:26:13,516 [9] INFO  WarningTotalDetail -   长乐产业园区  D17E018708237D  黄色-橙色-红色  2017-07-01 22:18:44  2017-07-01 22:29:54
2017-08-01 16:26:13,516 [9] INFO  WarningTotalDetail -   平潭苏澳观测站  D17E01930844FD  黄色-橙色-红色  2017-07-01 21:56:14  2017-07-01 22:23:25
2017-08-01 16:26:13,516 [9] INFO  WarningTotalDetail -   鼓岭风景区  D17E0187082380  黄色-橙色-红色  2017-07-01 20:50:03  2017-07-01 20:55:24
2017-08-01 16:26:13,516 [9] INFO  WarningTotalDetail -   福清建新水库  D17E01930844D1  黄色-橙色-红色  2017-07-01 19:48:03  2017-07-01 21:04:45
2017-08-01 16:26:13,516 [9] INFO  WarningTotalDetail -   武夷山机场  D17E011905B4AA  黄色-橙色-红色  2017-07-01 19:05:55  2017-07-01 19:23:34
2017-08-01 16:26:13,516 [9] INFO  WarningTotalDetail -   武夷山景区  D17E01930844C2  黄色-橙色-红色  2017-07-01 18:57:53  2017-07-01 19:19:04
2017-08-01 16:26:13,516 [9] INFO  WarningTotalDetail -   罗源气象局  D17E0192082B34  黄色-橙色-红色  2017-07-01 16:07:35  2017-07-01 16:11:35
2017-08-01 16:26:13,516 [9] INFO  WarningTotalDetail -   厦门上古文化景区  D17E011905B4A6  黄色-橙色-红色  2017-07-01 15:43:17  2017-07-01 15:54:18
2017-08-01 16:26:13,516 [9] INFO  WarningTotalDetail -   福州气象服务中心  D17E01930844FA  黄色-橙色-红色  2017-07-01 14:56:33  2017-07-01 15:31:24
2017-08-01 16:26:13,516 [9] INFO  WarningTotalDetail -   鼓岭风景区  D17E0187082380  黄色-橙色-红色  2017-07-01 14:54:16  2017-07-01 16:15:07
2017-08-01 16:26:13,516 [9] INFO  WarningTotalDetail -   永泰气象局  D17E019B08778F  黄色-橙色-红色  2017-07-01 14:04:56  2017-07-01 14:10:16
2017-08-01 16:26:13,516 [9] INFO  WarningTotalDetail -   漳州气象局  D17E017A011181  黄色-橙色-红色  2017-07-01 12:04:57  2017-07-01 13:06:59
2017-08-01 16:26:13,517 [9] INFO  WarningTotalDetail -   福清建新水库  D17E01930844D1  黄色-橙色-红色  2017-07-01 03:18:01  2017-07-01 04:33:13
2017-08-01 16:26:13,517 [9] INFO  WarningTotalDetail -   鼓岭风景区  D17E0187082380  黄色-橙色-红色  2017-07-01 01:05:26  2017-07-01 05:53:22
2017-08-01 16:26:13,517 [9] INFO  WarningTotalDetail -   福清建新水库  D17E01930844D1  黄色-橙色-红色  2017-07-01 00:38:28  2017-07-01 01:22:49
2017-08-01 16:26:13,517 [9] INFO  WarningTotalDetail -   泉港化工  D17E006503EFF0  黄色-橙色-红色  2017-07-01 00:19:23  2017-07-01 00:29:03
2017-08-01 16:26:13,517 [9] INFO  WarningTotalDetail -   泉港炼化  D17E019B087798  黄色-橙色-红色  2017-07-01 00:15:43  2017-07-01 00:23:53
